<?xml version="1.0" encoding="UTF-8"?>
<robot generator="Robot 7.0 (Python 3.10.12 on linux)" generated="2024-03-18T20:46:14.420359" rpa="false" schemaversion="5">
<suite id="s1" name="Home" source="/home/bio-ritmo.com.br/gabriel.garces/Área de Trabalho/Robot/tests/home.robot">
<test id="s1-t1" name="Deve abrir a tela principal" line="8">
<kw name="Open Application" owner="AppiumLibrary">
<kw name="Capture Page Screenshot" owner="AppiumLibrary">
<msg time="2024-03-18T20:46:14.486463" level="FAIL">No application is open</msg>
<doc>Takes a screenshot of the current page and embeds it into the log.</doc>
<status status="FAIL" start="2024-03-18T20:46:14.486284" elapsed="0.000699">No application is open</status>
</kw>
<msg time="2024-03-18T20:46:14.487579" level="WARN">Keyword 'Capture Page Screenshot' could not be run on failure: No application is open</msg>
<msg time="2024-03-18T20:46:14.487692" level="FAIL">WebDriverException: Message: The requested resource could not be found, or a request was received using an HTTP method that is not supported by the mapped resource
</msg>
<arg>http://localhost:4723</arg>
<arg>platformName=Android</arg>
<arg>deviceName=Android Emulator</arg>
<arg>automationName=UIAutomator2</arg>
<arg>app=${EXECDIR}/app/app.apk</arg>
<arg>udid=emulator-5554</arg>
<arg>autoGrantPermissions=true</arg>
<doc>Opens a new application to given Appium server.
Capabilities of appium server, Android and iOS,
Please check https://github.com/appium/appium/blob/master/docs/en/writing-running-appium/server-args.md
| *Option*            | *Man.* | *Description*     |
| remote_url          | Yes    | Appium server url |
| alias               | no     | alias             |
| strict_ssl          | No     | allows you to send commands to an invalid certificate host like a self-signed one. |</doc>
<status status="FAIL" start="2024-03-18T20:46:14.482954" elapsed="0.004848">WebDriverException: Message: The requested resource could not be found, or a request was received using an HTTP method that is not supported by the mapped resource
</status>
</kw>
<kw name="Wait Until Page Contains" owner="AppiumLibrary">
<arg>COMPRAR PLANO</arg>
<doc>Waits until `text` appears on current page.</doc>
<status status="NOT RUN" start="2024-03-18T20:46:14.487938" elapsed="0.000016"/>
</kw>
<kw name="Close Application" owner="AppiumLibrary">
<doc>Closes the current application and also close webdriver session.</doc>
<status status="NOT RUN" start="2024-03-18T20:46:14.488035" elapsed="0.000010"/>
</kw>
<status status="FAIL" start="2024-03-18T20:46:14.482488" elapsed="0.005712">WebDriverException: Message: The requested resource could not be found, or a request was received using an HTTP method that is not supported by the mapped resource
</status>
</test>
<status status="FAIL" start="2024-03-18T20:46:14.420996" elapsed="0.067495"/>
</suite>
<statistics>
<total>
<stat pass="0" fail="1" skip="0">All Tests</stat>
</total>
<tag>
</tag>
<suite>
<stat pass="0" fail="1" skip="0" id="s1" name="Home">Home</stat>
</suite>
</statistics>
<errors>
<msg time="2024-03-18T20:46:14.487579" level="WARN">Keyword 'Capture Page Screenshot' could not be run on failure: No application is open</msg>
</errors>
</robot>
